<?xml version="1.0" encoding="UTF-8"?>
<testsuite name="com.galvanize.JsonTest" tests="1" skipped="0" failures="0" errors="0" timestamp="2017-03-13T03:12:32" hostname="MERD7-222354" time="0.029">
  <properties/>
  <testcase name="systemPropertiesWorked" classname="com.galvanize.JsonTest" time="0.029"/>
  <system-out><![CDATA[]]></system-out>
  <system-err><![CDATA[]]></system-err>
</testsuite>
