<?xml version="1.0" encoding="UTF-8"?>
<testsuite name="com.galvanize.BusinessTest" tests="3" skipped="0" failures="0" errors="0" timestamp="2017-03-13T03:12:32" hostname="MERD7-222354" time="0.005">
  <properties/>
  <testcase name="test01_addressClassShouldWork" classname="com.galvanize.BusinessTest" time="0.003"/>
  <testcase name="test02_addressableInterfaceShouldExist" classname="com.galvanize.BusinessTest" time="0.001"/>
  <testcase name="test03_businessClassShouldExist" classname="com.galvanize.BusinessTest" time="0.001"/>
  <system-out><![CDATA[]]></system-out>
  <system-err><![CDATA[]]></system-err>
</testsuite>
